<?xml version="1.0" encoding="UTF-8"?>
<!-- Generated by org.testng.reporters.JUnitReportReporter -->
<testsuite hostname="DESKTOP-SPOA1VT" failures="0" tests="5" name="testNGDemo_Day1.PersonalLoan" time="0.016" errors="0" timestamp="2022-06-22T01:32:36 IST" skipped="0">
  <testcase classname="testNGDemo_Day1.PersonalLoan" name="applyForLoan" time="0.004"/>
  <system-out/>
  <testcase classname="testNGDemo_Day1.PersonalLoan" name="reapplyForLoan" time="0.004"/>
  <system-out/>
  <testcase classname="testNGDemo_Day1.PersonalLoan" name="loanApproval" time="0.004"/>
  <system-out/>
  <testcase classname="testNGDemo_Day1.PersonalLoan" name="loanDisbursed" time="0.002"/>
  <system-out/>
  <testcase classname="testNGDemo_Day1.PersonalLoan" name="loanRejection" time="0.002"/>
  <system-out/>
</testsuite> <!-- testNGDemo_Day1.PersonalLoan -->
